2023-05-03 19:12:49,220{GMT}	INFO	[jepsen test runner] jepsen.core: Command line:
lein run test -w echo --bin target/debug/eddy --nodes n1 --time-limit 10 --log-stderr
2023-05-03 19:12:49,273{GMT}	INFO	[jepsen test runner] jepsen.core: Running test:
{:args []
 :remote
 #jepsen.control.retry.Remote{:remote #jepsen.control.scp.Remote{:cmd-remote #jepsen.control.sshj.SSHJRemote{:concurrency-limit 6,
                                                                                                             :conn-spec nil,
                                                                                                             :client nil,
                                                                                                             :semaphore nil},
                                                                 :conn-spec nil},
                              :conn nil}
 :log-net-send false
 :node-count nil
 :availability nil
 :max-txn-length 4
 :concurrency 1
 :db
 #object[maelstrom.db$db$reify__16142
         "0x45c57dbd"
         "maelstrom.db$db$reify__16142@45c57dbd"]
 :max-writes-per-key 16
 :leave-db-running? false
 :name "echo"
 :logging-json? false
 :start-time
 #object[org.joda.time.DateTime "0x5cf4c93" "2023-05-03T19:12:49.201+09:00"]
 :nemesis-interval 10
 :net
 #object[maelstrom.net$jepsen_net$reify__15251
         "0x55cd41f7"
         "maelstrom.net$jepsen_net$reify__15251@55cd41f7"]
 :client
 #object[maelstrom.workload.echo$client$reify__16863
         "0x2ff30a75"
         "maelstrom.workload.echo$client$reify__16863@2ff30a75"]
 :barrier
 #object[java.util.concurrent.CyclicBarrier
         "0xb38dc7d"
         "java.util.concurrent.CyclicBarrier@b38dc7d"]
 :log-stderr true
 :pure-generators true
 :ssh {:dummy? true}
 :rate 5
 :checker
 #object[jepsen.checker$compose$reify__11881
         "0x746cb25d"
         "jepsen.checker$compose$reify__11881@746cb25d"]
 :argv
 ("test"
  "-w"
  "echo"
  "--bin"
  "target/debug/eddy"
  "--nodes"
  "n1"
  "--time-limit"
  "10"
  "--log-stderr")
 :nemesis
 (jepsen.nemesis.ReflCompose
  {:fm {:start-partition 0,
        :stop-partition 0,
        :kill 1,
        :start 1,
        :pause 1,
        :resume 1},
   :nemeses [#unprintable "jepsen.nemesis.combined$partition_nemesis$reify__16416@4b9187de"
             #unprintable "jepsen.nemesis.combined$db_nemesis$reify__16397@7c068c7b"]})
 :nodes ["n1"]
 :test-count 1
 :latency {:mean 0, :dist :constant}
 :bin "target/debug/eddy"
 :generator
 (jepsen.generator.TimeLimit
  {:limit 10000000000,
   :cutoff nil,
   :gen (jepsen.generator.Any
         {:gens [(jepsen.generator.OnThreads
                  {:f #{:nemesis},
                   :context-filter #object[jepsen.generator.context$make_thread_filter$lazy_filter__9167
                                           "0x531bffd"
                                           "jepsen.generator.context$make_thread_filter$lazy_filter__9167@531bffd"],
                   :gen nil})
                 (jepsen.generator.OnThreads
                  {:f #jepsen.generator.context.AllBut{:element :nemesis},
                   :context-filter #object[jepsen.generator.context$make_thread_filter$lazy_filter__9167
                                           "0x31c87223"
                                           "jepsen.generator.context$make_thread_filter$lazy_filter__9167@31c87223"],
                   :gen (jepsen.generator.Stagger
                         {:dt 400000000,
                          :next-time nil,
                          :gen (jepsen.generator.EachThread
                                {:fresh-gen #object[maelstrom.workload.echo$workload$fn__16882
                                                    "0x6a4d72bd"
                                                    "maelstrom.workload.echo$workload$fn__16882@6a4d72bd"],
                                 :context-filters #object[clojure.core$promise$reify__8591
                                                          "0x3e9c59ed"
                                                          {:status :pending,
                                                           :val nil}],
                                 :gens {}})})})]})})
 :log-net-recv false
 :os
 #object[maelstrom.net$jepsen_os$reify__15254
         "0x365ad794"
         "maelstrom.net$jepsen_os$reify__15254@365ad794"]
 :time-limit 10
 :workload :echo
 :consistency-models [:strict-serializable]
 :topology :grid}

2023-05-03 19:12:50,722{GMT}	INFO	[jepsen node n1] maelstrom.net: Starting Maelstrom network
2023-05-03 19:12:50,723{GMT}	INFO	[jepsen test runner] jepsen.db: Tearing down DB
2023-05-03 19:12:50,725{GMT}	INFO	[jepsen test runner] jepsen.db: Setting up DB
2023-05-03 19:12:50,729{GMT}	INFO	[jepsen node n1] maelstrom.service: Starting services: (lin-kv lin-tso lww-kv seq-kv)
2023-05-03 19:12:50,732{GMT}	INFO	[jepsen node n1] maelstrom.db: Setting up n1
2023-05-03 19:12:50,733{GMT}	INFO	[jepsen node n1] maelstrom.process: launching target/debug/eddy []
2023-05-03 19:12:50,747{GMT}	INFO	[n1 stderr] maelstrom.process: Error: Maelstorm input from STDIN could not be deserialized
2023-05-03 19:12:50,748{GMT}	INFO	[n1 stderr] maelstrom.process: 
2023-05-03 19:12:50,748{GMT}	INFO	[n1 stderr] maelstrom.process: Caused by:
2023-05-03 19:12:50,748{GMT}	INFO	[n1 stderr] maelstrom.process:     unknown variant `init`, expected `echo` or `echo_ok` at line 1 column 97
2023-05-03 19:13:00,742{GMT}	INFO	[jepsen node n1] maelstrom.db: Tearing down n1
2023-05-03 19:13:01,745{GMT}	INFO	[jepsen node n1] maelstrom.net: Shutting down Maelstrom network
2023-05-03 19:13:01,748{GMT}	WARN	[jepsen test runner] jepsen.core: Test crashed!
clojure.lang.ExceptionInfo: Node n1 crashed with exit status 1. Before crashing, it wrote to STDOUT:



And to STDERR:

Error: Maelstorm input from STDIN could not be deserialized

Caused by:
    unknown variant `init`, expected `echo` or `echo_ok` at line 1 column 97

Full STDERR logs are available in /home/aoi/dev/others/eddy/store/echo/20230503T191249.201+0900/node-logs/n1.log
	at slingshot.support$stack_trace.invoke(support.clj:201)
	at maelstrom.process$stop_node_BANG_.invokeStatic(process.clj:239)
	at maelstrom.process$stop_node_BANG_.invoke(process.clj:217)
	at maelstrom.db$db$reify__16142.teardown_BANG_(db.clj:75)
	at jepsen.db$fn__8744$G__8725__8748.invoke(db.clj:12)
	at jepsen.db$fn__8744$G__8724__8753.invoke(db.clj:12)
	at clojure.core$partial$fn__5908.invoke(core.clj:2642)
	at jepsen.control$on_nodes$fn__8599.invoke(control.clj:314)
	at clojure.lang.AFn.applyToHelper(AFn.java:154)
	at clojure.lang.AFn.applyTo(AFn.java:144)
	at clojure.core$apply.invokeStatic(core.clj:667)
	at clojure.core$with_bindings_STAR_.invokeStatic(core.clj:1990)
	at clojure.core$with_bindings_STAR_.doInvoke(core.clj:1990)
	at clojure.lang.RestFn.applyTo(RestFn.java:142)
	at clojure.core$apply.invokeStatic(core.clj:671)
	at clojure.core$bound_fn_STAR_$fn__5818.doInvoke(core.clj:2020)
	at clojure.lang.RestFn.invoke(RestFn.java:408)
	at dom_top.core$real_pmap_helper$build_thread__211$fn__212.invoke(core.clj:163)
	at clojure.lang.AFn.applyToHelper(AFn.java:152)
	at clojure.lang.AFn.applyTo(AFn.java:144)
	at clojure.core$apply.invokeStatic(core.clj:667)
	at clojure.core$with_bindings_STAR_.invokeStatic(core.clj:1990)
	at clojure.core$with_bindings_STAR_.doInvoke(core.clj:1990)
	at clojure.lang.RestFn.invoke(RestFn.java:425)
	at clojure.lang.AFn.applyToHelper(AFn.java:156)
	at clojure.lang.RestFn.applyTo(RestFn.java:132)
	at clojure.core$apply.invokeStatic(core.clj:671)
	at clojure.core$bound_fn_STAR_$fn__5818.doInvoke(core.clj:2020)
	at clojure.lang.RestFn.invoke(RestFn.java:397)
	at clojure.lang.AFn.run(AFn.java:22)
	at java.base/java.lang.Thread.run(Thread.java:829)
