2023-05-03 19:42:50,946{GMT}	INFO	[jepsen test runner] jepsen.core: Command line:
lein run test -w echo --bin target/debug/eddy --nodes n1 --time-limit 10 --log-stderr
2023-05-03 19:42:50,998{GMT}	INFO	[jepsen test runner] jepsen.core: Running test:
{:args []
 :remote
 #jepsen.control.retry.Remote{:remote #jepsen.control.scp.Remote{:cmd-remote #jepsen.control.sshj.SSHJRemote{:concurrency-limit 6,
                                                                                                             :conn-spec nil,
                                                                                                             :client nil,
                                                                                                             :semaphore nil},
                                                                 :conn-spec nil},
                              :conn nil}
 :log-net-send false
 :node-count nil
 :availability nil
 :max-txn-length 4
 :concurrency 1
 :db
 #object[maelstrom.db$db$reify__16142
         "0x5091456c"
         "maelstrom.db$db$reify__16142@5091456c"]
 :max-writes-per-key 16
 :leave-db-running? false
 :name "echo"
 :logging-json? false
 :start-time
 #object[org.joda.time.DateTime "0x6b09fcda" "2023-05-03T19:42:50.929+09:00"]
 :nemesis-interval 10
 :net
 #object[maelstrom.net$jepsen_net$reify__15251
         "0x5cf4c93"
         "maelstrom.net$jepsen_net$reify__15251@5cf4c93"]
 :client
 #object[maelstrom.workload.echo$client$reify__16863
         "0x55cd41f7"
         "maelstrom.workload.echo$client$reify__16863@55cd41f7"]
 :barrier
 #object[java.util.concurrent.CyclicBarrier
         "0x2ff30a75"
         "java.util.concurrent.CyclicBarrier@2ff30a75"]
 :log-stderr true
 :pure-generators true
 :ssh {:dummy? true}
 :rate 5
 :checker
 #object[jepsen.checker$compose$reify__11881
         "0xb38dc7d"
         "jepsen.checker$compose$reify__11881@b38dc7d"]
 :argv
 ("test"
  "-w"
  "echo"
  "--bin"
  "target/debug/eddy"
  "--nodes"
  "n1"
  "--time-limit"
  "10"
  "--log-stderr")
 :nemesis
 (jepsen.nemesis.ReflCompose
  {:fm {:start-partition 0,
        :stop-partition 0,
        :kill 1,
        :start 1,
        :pause 1,
        :resume 1},
   :nemeses [#unprintable "jepsen.nemesis.combined$partition_nemesis$reify__16416@746cb25d"
             #unprintable "jepsen.nemesis.combined$db_nemesis$reify__16397@4b9187de"]})
 :nodes ["n1"]
 :test-count 1
 :latency {:mean 0, :dist :constant}
 :bin "target/debug/eddy"
 :generator
 (jepsen.generator.TimeLimit
  {:limit 10000000000,
   :cutoff nil,
   :gen (jepsen.generator.Any
         {:gens [(jepsen.generator.OnThreads
                  {:f #{:nemesis},
                   :context-filter #object[jepsen.generator.context$make_thread_filter$lazy_filter__9167
                                           "0x1398e3aa"
                                           "jepsen.generator.context$make_thread_filter$lazy_filter__9167@1398e3aa"],
                   :gen nil})
                 (jepsen.generator.OnThreads
                  {:f #jepsen.generator.context.AllBut{:element :nemesis},
                   :context-filter #object[jepsen.generator.context$make_thread_filter$lazy_filter__9167
                                           "0x531bffd"
                                           "jepsen.generator.context$make_thread_filter$lazy_filter__9167@531bffd"],
                   :gen (jepsen.generator.Stagger
                         {:dt 400000000,
                          :next-time nil,
                          :gen (jepsen.generator.EachThread
                                {:fresh-gen #object[maelstrom.workload.echo$workload$fn__16882
                                                    "0x31c87223"
                                                    "maelstrom.workload.echo$workload$fn__16882@31c87223"],
                                 :context-filters #object[clojure.core$promise$reify__8591
                                                          "0x6a4d72bd"
                                                          {:status :pending,
                                                           :val nil}],
                                 :gens {}})})})]})})
 :log-net-recv false
 :os
 #object[maelstrom.net$jepsen_os$reify__15254
         "0x3e9c59ed"
         "maelstrom.net$jepsen_os$reify__15254@3e9c59ed"]
 :time-limit 10
 :workload :echo
 :consistency-models [:strict-serializable]
 :topology :grid}

2023-05-03 19:42:52,508{GMT}	INFO	[jepsen node n1] maelstrom.net: Starting Maelstrom network
2023-05-03 19:42:52,509{GMT}	INFO	[jepsen test runner] jepsen.db: Tearing down DB
2023-05-03 19:42:52,511{GMT}	INFO	[jepsen test runner] jepsen.db: Setting up DB
2023-05-03 19:42:52,514{GMT}	INFO	[jepsen node n1] maelstrom.service: Starting services: (lin-kv lin-tso lww-kv seq-kv)
2023-05-03 19:42:52,517{GMT}	INFO	[jepsen node n1] maelstrom.db: Setting up n1
2023-05-03 19:42:52,518{GMT}	INFO	[jepsen node n1] maelstrom.process: launching target/debug/eddy []
2023-05-03 19:42:52,537{GMT}	INFO	[jepsen test runner] jepsen.core: Relative time begins now
2023-05-03 19:42:52,551{GMT}	INFO	[jepsen worker 0] jepsen.util: 0	:invoke	:echo	"Please echo 35"
2023-05-03 19:42:52,556{GMT}	INFO	[jepsen worker 0] jepsen.util: 0	:ok	:echo	{:msg_id 1, :in_reply_to 1, :type "echo_ok", :echo "Please echo 35"}
2023-05-03 19:42:52,624{GMT}	INFO	[jepsen worker 0] jepsen.util: 0	:invoke	:echo	"Please echo 106"
2023-05-03 19:42:52,626{GMT}	INFO	[jepsen worker 0] jepsen.util: 0	:ok	:echo	{:msg_id 2, :in_reply_to 2, :type "echo_ok", :echo "Please echo 106"}
2023-05-03 19:42:52,737{GMT}	INFO	[jepsen worker 0] jepsen.util: 0	:invoke	:echo	"Please echo 98"
2023-05-03 19:42:52,739{GMT}	INFO	[jepsen worker 0] jepsen.util: 0	:ok	:echo	{:msg_id 3, :in_reply_to 3, :type "echo_ok", :echo "Please echo 98"}
2023-05-03 19:42:53,133{GMT}	INFO	[jepsen worker 0] jepsen.util: 0	:invoke	:echo	"Please echo 9"
2023-05-03 19:42:53,137{GMT}	INFO	[jepsen worker 0] jepsen.util: 0	:ok	:echo	{:msg_id 4, :in_reply_to 4, :type "echo_ok", :echo "Please echo 9"}
2023-05-03 19:42:53,452{GMT}	INFO	[jepsen worker 0] jepsen.util: 0	:invoke	:echo	"Please echo 19"
2023-05-03 19:42:53,455{GMT}	INFO	[jepsen worker 0] jepsen.util: 0	:ok	:echo	{:msg_id 5, :in_reply_to 5, :type "echo_ok", :echo "Please echo 19"}
2023-05-03 19:42:53,589{GMT}	INFO	[jepsen worker 0] jepsen.util: 0	:invoke	:echo	"Please echo 2"
2023-05-03 19:42:53,592{GMT}	INFO	[jepsen worker 0] jepsen.util: 0	:ok	:echo	{:msg_id 6, :in_reply_to 6, :type "echo_ok", :echo "Please echo 2"}
2023-05-03 19:42:53,742{GMT}	INFO	[jepsen worker 0] jepsen.util: 0	:invoke	:echo	"Please echo 86"
2023-05-03 19:42:53,745{GMT}	INFO	[jepsen worker 0] jepsen.util: 0	:ok	:echo	{:msg_id 7, :in_reply_to 7, :type "echo_ok", :echo "Please echo 86"}
2023-05-03 19:42:53,905{GMT}	INFO	[jepsen worker 0] jepsen.util: 0	:invoke	:echo	"Please echo 83"
2023-05-03 19:42:53,908{GMT}	INFO	[jepsen worker 0] jepsen.util: 0	:ok	:echo	{:msg_id 8, :in_reply_to 8, :type "echo_ok", :echo "Please echo 83"}
2023-05-03 19:42:54,282{GMT}	INFO	[jepsen worker 0] jepsen.util: 0	:invoke	:echo	"Please echo 15"
2023-05-03 19:42:54,285{GMT}	INFO	[jepsen worker 0] jepsen.util: 0	:ok	:echo	{:msg_id 9, :in_reply_to 9, :type "echo_ok", :echo "Please echo 15"}
2023-05-03 19:42:54,367{GMT}	INFO	[jepsen worker 0] jepsen.util: 0	:invoke	:echo	"Please echo 13"
2023-05-03 19:42:54,370{GMT}	INFO	[jepsen worker 0] jepsen.util: 0	:ok	:echo	{:msg_id 10, :in_reply_to 10, :type "echo_ok", :echo "Please echo 13"}
2023-05-03 19:42:54,593{GMT}	INFO	[jepsen worker 0] jepsen.util: 0	:invoke	:echo	"Please echo 25"
2023-05-03 19:42:54,596{GMT}	INFO	[jepsen worker 0] jepsen.util: 0	:ok	:echo	{:msg_id 11, :in_reply_to 11, :type "echo_ok", :echo "Please echo 25"}
2023-05-03 19:42:54,791{GMT}	INFO	[jepsen worker 0] jepsen.util: 0	:invoke	:echo	"Please echo 54"
2023-05-03 19:42:54,794{GMT}	INFO	[jepsen worker 0] jepsen.util: 0	:ok	:echo	{:msg_id 12, :in_reply_to 12, :type "echo_ok", :echo "Please echo 54"}
2023-05-03 19:42:55,063{GMT}	INFO	[jepsen worker 0] jepsen.util: 0	:invoke	:echo	"Please echo 63"
2023-05-03 19:42:55,066{GMT}	INFO	[jepsen worker 0] jepsen.util: 0	:ok	:echo	{:msg_id 13, :in_reply_to 13, :type "echo_ok", :echo "Please echo 63"}
2023-05-03 19:42:55,196{GMT}	INFO	[jepsen worker 0] jepsen.util: 0	:invoke	:echo	"Please echo 126"
2023-05-03 19:42:55,199{GMT}	INFO	[jepsen worker 0] jepsen.util: 0	:ok	:echo	{:msg_id 14, :in_reply_to 14, :type "echo_ok", :echo "Please echo 126"}
2023-05-03 19:42:55,488{GMT}	INFO	[jepsen worker 0] jepsen.util: 0	:invoke	:echo	"Please echo 68"
2023-05-03 19:42:55,491{GMT}	INFO	[jepsen worker 0] jepsen.util: 0	:ok	:echo	{:msg_id 15, :in_reply_to 15, :type "echo_ok", :echo "Please echo 68"}
2023-05-03 19:42:55,593{GMT}	INFO	[jepsen worker 0] jepsen.util: 0	:invoke	:echo	"Please echo 67"
2023-05-03 19:42:55,596{GMT}	INFO	[jepsen worker 0] jepsen.util: 0	:ok	:echo	{:msg_id 16, :in_reply_to 16, :type "echo_ok", :echo "Please echo 67"}
2023-05-03 19:42:55,740{GMT}	INFO	[jepsen worker 0] jepsen.util: 0	:invoke	:echo	"Please echo 111"
2023-05-03 19:42:55,743{GMT}	INFO	[jepsen worker 0] jepsen.util: 0	:ok	:echo	{:msg_id 17, :in_reply_to 17, :type "echo_ok", :echo "Please echo 111"}
2023-05-03 19:42:55,866{GMT}	INFO	[jepsen worker 0] jepsen.util: 0	:invoke	:echo	"Please echo 68"
2023-05-03 19:42:55,868{GMT}	INFO	[jepsen worker 0] jepsen.util: 0	:ok	:echo	{:msg_id 18, :in_reply_to 18, :type "echo_ok", :echo "Please echo 68"}
2023-05-03 19:42:55,966{GMT}	INFO	[jepsen worker 0] jepsen.util: 0	:invoke	:echo	"Please echo 115"
2023-05-03 19:42:55,968{GMT}	INFO	[jepsen worker 0] jepsen.util: 0	:ok	:echo	{:msg_id 19, :in_reply_to 19, :type "echo_ok", :echo "Please echo 115"}
2023-05-03 19:42:56,063{GMT}	INFO	[jepsen worker 0] jepsen.util: 0	:invoke	:echo	"Please echo 116"
2023-05-03 19:42:56,066{GMT}	INFO	[jepsen worker 0] jepsen.util: 0	:ok	:echo	{:msg_id 20, :in_reply_to 20, :type "echo_ok", :echo "Please echo 116"}
2023-05-03 19:42:56,297{GMT}	INFO	[jepsen worker 0] jepsen.util: 0	:invoke	:echo	"Please echo 97"
2023-05-03 19:42:56,300{GMT}	INFO	[jepsen worker 0] jepsen.util: 0	:ok	:echo	{:msg_id 21, :in_reply_to 21, :type "echo_ok", :echo "Please echo 97"}
2023-05-03 19:42:56,517{GMT}	INFO	[jepsen worker 0] jepsen.util: 0	:invoke	:echo	"Please echo 125"
2023-05-03 19:42:56,520{GMT}	INFO	[jepsen worker 0] jepsen.util: 0	:ok	:echo	{:msg_id 22, :in_reply_to 22, :type "echo_ok", :echo "Please echo 125"}
2023-05-03 19:42:56,632{GMT}	INFO	[jepsen worker 0] jepsen.util: 0	:invoke	:echo	"Please echo 77"
2023-05-03 19:42:56,634{GMT}	INFO	[jepsen worker 0] jepsen.util: 0	:ok	:echo	{:msg_id 23, :in_reply_to 23, :type "echo_ok", :echo "Please echo 77"}
2023-05-03 19:42:56,843{GMT}	INFO	[jepsen worker 0] jepsen.util: 0	:invoke	:echo	"Please echo 8"
2023-05-03 19:42:56,845{GMT}	INFO	[jepsen worker 0] jepsen.util: 0	:ok	:echo	{:msg_id 24, :in_reply_to 24, :type "echo_ok", :echo "Please echo 8"}
2023-05-03 19:42:57,000{GMT}	INFO	[jepsen worker 0] jepsen.util: 0	:invoke	:echo	"Please echo 38"
2023-05-03 19:42:57,003{GMT}	INFO	[jepsen worker 0] jepsen.util: 0	:ok	:echo	{:msg_id 25, :in_reply_to 25, :type "echo_ok", :echo "Please echo 38"}
2023-05-03 19:42:57,205{GMT}	INFO	[jepsen worker 0] jepsen.util: 0	:invoke	:echo	"Please echo 57"
2023-05-03 19:42:57,208{GMT}	INFO	[jepsen worker 0] jepsen.util: 0	:ok	:echo	{:msg_id 26, :in_reply_to 26, :type "echo_ok", :echo "Please echo 57"}
2023-05-03 19:42:57,542{GMT}	INFO	[jepsen worker 0] jepsen.util: 0	:invoke	:echo	"Please echo 116"
2023-05-03 19:42:57,545{GMT}	INFO	[jepsen worker 0] jepsen.util: 0	:ok	:echo	{:msg_id 27, :in_reply_to 27, :type "echo_ok", :echo "Please echo 116"}
2023-05-03 19:42:57,875{GMT}	INFO	[jepsen worker 0] jepsen.util: 0	:invoke	:echo	"Please echo 79"
2023-05-03 19:42:57,878{GMT}	INFO	[jepsen worker 0] jepsen.util: 0	:ok	:echo	{:msg_id 28, :in_reply_to 28, :type "echo_ok", :echo "Please echo 79"}
2023-05-03 19:42:57,896{GMT}	INFO	[jepsen worker 0] jepsen.util: 0	:invoke	:echo	"Please echo 4"
2023-05-03 19:42:57,898{GMT}	INFO	[jepsen worker 0] jepsen.util: 0	:ok	:echo	{:msg_id 29, :in_reply_to 29, :type "echo_ok", :echo "Please echo 4"}
2023-05-03 19:42:58,149{GMT}	INFO	[jepsen worker 0] jepsen.util: 0	:invoke	:echo	"Please echo 86"
2023-05-03 19:42:58,151{GMT}	INFO	[jepsen worker 0] jepsen.util: 0	:ok	:echo	{:msg_id 30, :in_reply_to 30, :type "echo_ok", :echo "Please echo 86"}
2023-05-03 19:42:58,166{GMT}	INFO	[jepsen worker 0] jepsen.util: 0	:invoke	:echo	"Please echo 103"
2023-05-03 19:42:58,168{GMT}	INFO	[jepsen worker 0] jepsen.util: 0	:ok	:echo	{:msg_id 31, :in_reply_to 31, :type "echo_ok", :echo "Please echo 103"}
2023-05-03 19:42:58,456{GMT}	INFO	[jepsen worker 0] jepsen.util: 0	:invoke	:echo	"Please echo 123"
2023-05-03 19:42:58,459{GMT}	INFO	[jepsen worker 0] jepsen.util: 0	:ok	:echo	{:msg_id 32, :in_reply_to 32, :type "echo_ok", :echo "Please echo 123"}
2023-05-03 19:42:58,768{GMT}	INFO	[jepsen worker 0] jepsen.util: 0	:invoke	:echo	"Please echo 5"
2023-05-03 19:42:58,771{GMT}	INFO	[jepsen worker 0] jepsen.util: 0	:ok	:echo	{:msg_id 33, :in_reply_to 33, :type "echo_ok", :echo "Please echo 5"}
2023-05-03 19:42:59,151{GMT}	INFO	[jepsen worker 0] jepsen.util: 0	:invoke	:echo	"Please echo 20"
2023-05-03 19:42:59,154{GMT}	INFO	[jepsen worker 0] jepsen.util: 0	:ok	:echo	{:msg_id 34, :in_reply_to 34, :type "echo_ok", :echo "Please echo 20"}
2023-05-03 19:42:59,302{GMT}	INFO	[jepsen worker 0] jepsen.util: 0	:invoke	:echo	"Please echo 9"
2023-05-03 19:42:59,305{GMT}	INFO	[jepsen worker 0] jepsen.util: 0	:ok	:echo	{:msg_id 35, :in_reply_to 35, :type "echo_ok", :echo "Please echo 9"}
2023-05-03 19:42:59,431{GMT}	INFO	[jepsen worker 0] jepsen.util: 0	:invoke	:echo	"Please echo 48"
2023-05-03 19:42:59,434{GMT}	INFO	[jepsen worker 0] jepsen.util: 0	:ok	:echo	{:msg_id 36, :in_reply_to 36, :type "echo_ok", :echo "Please echo 48"}
2023-05-03 19:42:59,633{GMT}	INFO	[jepsen worker 0] jepsen.util: 0	:invoke	:echo	"Please echo 101"
2023-05-03 19:42:59,636{GMT}	INFO	[jepsen worker 0] jepsen.util: 0	:ok	:echo	{:msg_id 37, :in_reply_to 37, :type "echo_ok", :echo "Please echo 101"}
2023-05-03 19:42:59,637{GMT}	INFO	[jepsen worker 0] jepsen.util: 0	:invoke	:echo	"Please echo 46"
2023-05-03 19:42:59,640{GMT}	INFO	[jepsen worker 0] jepsen.util: 0	:ok	:echo	{:msg_id 38, :in_reply_to 38, :type "echo_ok", :echo "Please echo 46"}
2023-05-03 19:43:00,020{GMT}	INFO	[jepsen worker 0] jepsen.util: 0	:invoke	:echo	"Please echo 25"
2023-05-03 19:43:00,023{GMT}	INFO	[jepsen worker 0] jepsen.util: 0	:ok	:echo	{:msg_id 39, :in_reply_to 39, :type "echo_ok", :echo "Please echo 25"}
2023-05-03 19:43:00,023{GMT}	INFO	[jepsen worker 0] jepsen.util: 0	:invoke	:echo	"Please echo 106"
2023-05-03 19:43:00,025{GMT}	INFO	[jepsen worker 0] jepsen.util: 0	:ok	:echo	{:msg_id 40, :in_reply_to 40, :type "echo_ok", :echo "Please echo 106"}
2023-05-03 19:43:00,262{GMT}	INFO	[jepsen worker 0] jepsen.util: 0	:invoke	:echo	"Please echo 85"
2023-05-03 19:43:00,264{GMT}	INFO	[jepsen worker 0] jepsen.util: 0	:ok	:echo	{:msg_id 41, :in_reply_to 41, :type "echo_ok", :echo "Please echo 85"}
2023-05-03 19:43:00,391{GMT}	INFO	[jepsen worker 0] jepsen.util: 0	:invoke	:echo	"Please echo 53"
2023-05-03 19:43:00,394{GMT}	INFO	[jepsen worker 0] jepsen.util: 0	:ok	:echo	{:msg_id 42, :in_reply_to 42, :type "echo_ok", :echo "Please echo 53"}
2023-05-03 19:43:00,683{GMT}	INFO	[jepsen worker 0] jepsen.util: 0	:invoke	:echo	"Please echo 79"
2023-05-03 19:43:00,685{GMT}	INFO	[jepsen worker 0] jepsen.util: 0	:ok	:echo	{:msg_id 43, :in_reply_to 43, :type "echo_ok", :echo "Please echo 79"}
2023-05-03 19:43:00,853{GMT}	INFO	[jepsen worker 0] jepsen.util: 0	:invoke	:echo	"Please echo 97"
2023-05-03 19:43:00,856{GMT}	INFO	[jepsen worker 0] jepsen.util: 0	:ok	:echo	{:msg_id 44, :in_reply_to 44, :type "echo_ok", :echo "Please echo 97"}
2023-05-03 19:43:01,047{GMT}	INFO	[jepsen worker 0] jepsen.util: 0	:invoke	:echo	"Please echo 122"
2023-05-03 19:43:01,049{GMT}	INFO	[jepsen worker 0] jepsen.util: 0	:ok	:echo	{:msg_id 45, :in_reply_to 45, :type "echo_ok", :echo "Please echo 122"}
2023-05-03 19:43:01,333{GMT}	INFO	[jepsen worker 0] jepsen.util: 0	:invoke	:echo	"Please echo 71"
2023-05-03 19:43:01,335{GMT}	INFO	[jepsen worker 0] jepsen.util: 0	:ok	:echo	{:msg_id 46, :in_reply_to 46, :type "echo_ok", :echo "Please echo 71"}
2023-05-03 19:43:01,465{GMT}	INFO	[jepsen worker 0] jepsen.util: 0	:invoke	:echo	"Please echo 36"
2023-05-03 19:43:01,467{GMT}	INFO	[jepsen worker 0] jepsen.util: 0	:ok	:echo	{:msg_id 47, :in_reply_to 47, :type "echo_ok", :echo "Please echo 36"}
2023-05-03 19:43:01,618{GMT}	INFO	[jepsen worker 0] jepsen.util: 0	:invoke	:echo	"Please echo 80"
2023-05-03 19:43:01,620{GMT}	INFO	[jepsen worker 0] jepsen.util: 0	:ok	:echo	{:msg_id 48, :in_reply_to 48, :type "echo_ok", :echo "Please echo 80"}
2023-05-03 19:43:01,668{GMT}	INFO	[jepsen worker 0] jepsen.util: 0	:invoke	:echo	"Please echo 116"
2023-05-03 19:43:01,670{GMT}	INFO	[jepsen worker 0] jepsen.util: 0	:ok	:echo	{:msg_id 49, :in_reply_to 49, :type "echo_ok", :echo "Please echo 116"}
2023-05-03 19:43:02,021{GMT}	INFO	[jepsen worker 0] jepsen.util: 0	:invoke	:echo	"Please echo 55"
2023-05-03 19:43:02,023{GMT}	INFO	[jepsen worker 0] jepsen.util: 0	:ok	:echo	{:msg_id 50, :in_reply_to 50, :type "echo_ok", :echo "Please echo 55"}
2023-05-03 19:43:02,191{GMT}	INFO	[jepsen worker 0] jepsen.util: 0	:invoke	:echo	"Please echo 74"
2023-05-03 19:43:02,193{GMT}	INFO	[jepsen worker 0] jepsen.util: 0	:ok	:echo	{:msg_id 51, :in_reply_to 51, :type "echo_ok", :echo "Please echo 74"}
2023-05-03 19:43:02,280{GMT}	INFO	[jepsen worker 0] jepsen.util: 0	:invoke	:echo	"Please echo 102"
2023-05-03 19:43:02,282{GMT}	INFO	[jepsen worker 0] jepsen.util: 0	:ok	:echo	{:msg_id 52, :in_reply_to 52, :type "echo_ok", :echo "Please echo 102"}
2023-05-03 19:43:02,315{GMT}	INFO	[jepsen test runner] jepsen.core: Run complete, writing
2023-05-03 19:43:02,362{GMT}	INFO	[jepsen node n1] maelstrom.db: Tearing down n1
2023-05-03 19:43:03,523{GMT}	INFO	[jepsen node n1] maelstrom.net: Shutting down Maelstrom network
2023-05-03 19:43:03,524{GMT}	INFO	[jepsen test runner] jepsen.core: Analyzing...
2023-05-03 19:43:03,713{GMT}	INFO	[jepsen test runner] jepsen.core: Analysis complete
2023-05-03 19:43:03,727{GMT}	INFO	[jepsen results] jepsen.store: Wrote /home/aoi/dev/others/eddy/store/echo/20230503T194250.929+0900/results.edn
2023-05-03 19:43:03,738{GMT}	INFO	[jepsen test runner] jepsen.core: {:perf {:latency-graph {:valid? true},
        :rate-graph {:valid? true},
        :valid? true},
 :timeline {:valid? true},
 :exceptions {:valid? true},
 :stats {:valid? true,
         :count 52,
         :ok-count 52,
         :fail-count 0,
         :info-count 0,
         :by-f {:echo {:valid? true,
                       :count 52,
                       :ok-count 52,
                       :fail-count 0,
                       :info-count 0}}},
 :availability {:valid? true, :ok-fraction 1.0},
 :net {:all {:send-count 106,
             :recv-count 106,
             :msg-count 106,
             :msgs-per-op 2.0384614},
       :clients {:send-count 106, :recv-count 106, :msg-count 106},
       :servers {:send-count 0,
                 :recv-count 0,
                 :msg-count 0,
                 :msgs-per-op 0.0},
       :valid? true},
 :workload {:valid? true, :errors ()},
 :valid? true}


Everything looks good! ヽ(‘ー`)ノ
